<?xml version="1.0" encoding="UTF-8"?>
<!-- Generated by org.testng.reporters.JUnitReportReporter -->
<testsuite hostname="Karubid-Design" failures="0" tests="5" name="testcases.loginKeywords" time="13.256" errors="0" timestamp="2022-12-02T20:50:42 BDT" skipped="0">
  <testcase classname="testcases.loginKeywords" name="loadAUT" time="7.099"/>
  <testcase classname="testcases.loginKeywords" name="loginTitlevalidate" time="2.020"/>
  <testcase classname="testcases.loginKeywords" name="loginFunctionality" time="2.674"/>
  <testcase classname="testcases.loginKeywords" name="afterloginTitlevalidate" time="0.027"/>
  <testcase classname="testcases.loginKeywords" name="logoutFunctionality" time="1.436"/>
</testsuite> <!-- testcases.loginKeywords -->
