<?xml version="1.0" encoding="UTF-8"?>
<!-- Generated by org.testng.reporters.JUnitReportReporter -->
<testsuite hostname="Karubid-Design" failures="0" tests="1" name="testcases.loginFunctionalityRunner" time="17.471" errors="0" timestamp="2022-12-03T22:12:23 BDT" skipped="0">
  <testcase classname="testcases.loginFunctionalityRunner" name="userLogin" time="17.471"/>
</testsuite> <!-- testcases.loginFunctionalityRunner -->
