<?xml version="1.0" encoding="UTF-8"?>
<!-- Generated by org.testng.reporters.JUnitReportReporter -->
<testsuite hostname="Karubid-Design" failures="0" tests="1" name="testcases.T01_HomepageValidation" time="7.426" errors="0" timestamp="2022-11-12T21:37:38 BDT" skipped="0">
  <testcase classname="testcases.T01_HomepageValidation" name="HomepageValidation" time="7.426"/>
</testsuite> <!-- testcases.T01_HomepageValidation -->
